0 info it worked if it ends with ok
1 verbose cli [ 'C:\\Program Files\\nodejs\\\\node.exe',
1 verbose cli   'C:\\Program Files\\nodejs\\node_modules\\npm\\bin\\npm-cli.js',
1 verbose cli   'install',
1 verbose cli   '-g',
1 verbose cli   'cordova' ]
2 info using npm@1.3.21
3 info using node@v0.10.24
4 verbose node symlink C:\Program Files\nodejs\\node.exe
5 verbose cache add [ 'cordova', null ]
6 verbose cache add name=undefined spec="cordova" args=["cordova",null]
7 verbose parsed url { protocol: null,
7 verbose parsed url   slashes: null,
7 verbose parsed url   auth: null,
7 verbose parsed url   host: null,
7 verbose parsed url   port: null,
7 verbose parsed url   hostname: null,
7 verbose parsed url   hash: null,
7 verbose parsed url   search: null,
7 verbose parsed url   query: null,
7 verbose parsed url   pathname: 'cordova',
7 verbose parsed url   path: 'cordova',
7 verbose parsed url   href: 'cordova' }
8 silly lockFile a98f2055-cordova cordova
9 verbose lock cordova C:\Program Files\nodejs\cache\a98f2055-cordova.lock
10 silly lockFile a98f2055-cordova cordova
11 verbose addNamed [ 'cordova', '' ]
12 verbose addNamed [ null, '*' ]
13 silly lockFile de8d9fad-cordova cordova@
14 verbose lock cordova@ C:\Program Files\nodejs\cache\de8d9fad-cordova.lock
15 silly lockFile de8d9fad-cordova cordova@
16 error Error: EPERM, open 'C:\Program Files\nodejs\cache\de8d9fad-cordova.lock'
16 error  { [Error: EPERM, open 'C:\Program Files\nodejs\cache\de8d9fad-cordova.lock']
16 error   errno: 50,
16 error   code: 'EPERM',
16 error   path: 'C:\\Program Files\\nodejs\\cache\\de8d9fad-cordova.lock' }
17 error Please try running this command again as root/Administrator.
18 error System Windows_NT 6.2.9200
19 error command "C:\\Program Files\\nodejs\\\\node.exe" "C:\\Program Files\\nodejs\\node_modules\\npm\\bin\\npm-cli.js" "install" "-g" "cordova"
20 error cwd d:\tmp001\SENCHA\MobileV_IONIC\myApp2
21 error node -v v0.10.24
22 error npm -v 1.3.21
23 error path C:\Program Files\nodejs\cache\de8d9fad-cordova.lock
24 error code EPERM
25 error errno 50
26 error stack Error: EPERM, open 'C:\Program Files\nodejs\cache\de8d9fad-cordova.lock'
27 verbose exit [ 50, true ]
